[2026-06-29 06:10:35,778] 1025 httpx - INFO - HTTP Request: GET https://dagshub.com/api/v1/user "HTTP/1.1 200 OK"
[2026-06-29 06:10:35,800] 107 dagshub - INFO - Accessing as XVIN-X
[2026-06-29 06:10:36,870] 1025 httpx - INFO - HTTP Request: GET https://dagshub.com/api/v1/repos/XVIN-X/Network-Security-System "HTTP/1.1 200 OK"
[2026-06-29 06:10:38,030] 1025 httpx - INFO - HTTP Request: GET https://dagshub.com/api/v1/user "HTTP/1.1 200 OK"
[2026-06-29 06:10:38,035] 107 dagshub - INFO - Initialized MLflow to track repo "XVIN-X/Network-Security-System"
[2026-06-29 06:10:38,035] 107 dagshub - INFO - Repository XVIN-X/Network-Security-System initialized!
[2026-06-29 06:10:44,169] 35 root - INFO - Start data Ingestion
[2026-06-29 06:10:53,535] 65 root - INFO - Performed train test split on the dataframe
[2026-06-29 06:10:53,535] 67 root - INFO - Exited split_data_as_train_test method of Data_Ingestion class
[2026-06-29 06:10:53,541] 75 root - INFO - Exporting train and test file path.
[2026-06-29 06:10:53,612] 84 root - INFO - Exported train and test file path.
[2026-06-29 06:10:53,612] 39 root - INFO - Data Ingestion completed and artifact: DataIngestionArtifact(trained_file_path='Artifacts\\06_29_2026_06_10_32\\data_ingestion\\ingested\\train.csv', test_file_path='Artifacts\\06_29_2026_06_10_32\\data_ingestion\\ingested\\test.csv')
[2026-06-29 06:10:53,612] 47 root - INFO - Initiate the data Validation
[2026-06-29 06:10:53,647] 32 root - INFO - Required number of columns:2
[2026-06-29 06:10:53,647] 33 root - INFO - Data frame has columns:31
[2026-06-29 06:10:53,647] 32 root - INFO - Required number of columns:2
[2026-06-29 06:10:53,647] 33 root - INFO - Data frame has columns:31
[2026-06-29 06:10:53,820] 51 root - INFO - Data Validation completed and artifact: DataValidationArtifact(validation_status=None, valid_train_file_path='Artifacts\\06_29_2026_06_10_32\\data_ingestion\\ingested\\train.csv', valid_test_file_path='Artifacts\\06_29_2026_06_10_32\\data_ingestion\\ingested\\test.csv', invalid_train_file_path=None, invalid_test_file_path=None, drift_report_file_path='Artifacts\\06_29_2026_06_10_32\\data_validation\\drift_report\\report.yaml')
[2026-06-29 06:10:53,820] 58 root - INFO - Data Transformation started
[2026-06-29 06:10:53,820] 63 root - INFO - Entered initiate_data_transformation method of DataTransformation class
[2026-06-29 06:10:53,820] 65 root - INFO - Starting data transformation
[2026-06-29 06:10:53,849] 48 root - INFO - Entered get_data_trnasformer_object method of Trnasformation class
[2026-06-29 06:10:53,849] 53 root - INFO - Initialise KNNImputer with {'missing_values': nan, 'n_neighbors': 3, 'weights': 'uniform'}
[2026-06-29 06:10:53,862] 46 root - INFO - Entered the save_object method of MainUtils class
[2026-06-29 06:10:53,862] 50 root - INFO - Exited the save_object method of MainUtils class
[2026-06-29 06:10:53,862] 46 root - INFO - Entered the save_object method of MainUtils class
[2026-06-29 06:10:53,869] 50 root - INFO - Exited the save_object method of MainUtils class
[2026-06-29 06:10:53,869] 63 root - INFO - Data Transformation completed and artifact: DataTransformationArtifact(transformed_object_file_path='Artifacts\\06_29_2026_06_10_32\\data_transformation\\transformed_object\\preprocessing.pkl', transformed_train_file_path='Artifacts\\06_29_2026_06_10_32\\data_transformation\\transformed\\train.npy', transformed_test_file_path='Artifacts\\06_29_2026_06_10_32\\data_transformation\\transformed\\test.npy')
[2026-06-29 06:10:53,869] 70 root - INFO - Model Training Started
[2026-06-29 06:18:02,208] 46 root - INFO - Entered the save_object method of MainUtils class
[2026-06-29 06:18:02,209] 50 root - INFO - Exited the save_object method of MainUtils class
[2026-06-29 06:18:02,209] 46 root - INFO - Entered the save_object method of MainUtils class
[2026-06-29 06:18:02,211] 50 root - INFO - Exited the save_object method of MainUtils class
[2026-06-29 06:18:02,211] 125 root - INFO - Model trainer artifact: ModelTrainerArtifact(trained_model_file_path='Artifacts\\06_29_2026_06_10_32\\model_trainer\\trained_model\\model.pkl', train_metric_artifact=ClassificationMetricArtifact(f1_score=0.9909690512430238, precision_score=0.9894630192502533, recall_score=0.9924796747967479), test_metric_artifact=ClassificationMetricArtifact(f1_score=0.9875151026983487, precision_score=0.9839486356340289, recall_score=0.9911075181891673))
[2026-06-29 06:18:02,214] 79 root - INFO - Model Training completed and artifact: ModelTrainerArtifact(trained_model_file_path='Artifacts\\06_29_2026_06_10_32\\model_trainer\\trained_model\\model.pkl', train_metric_artifact=ClassificationMetricArtifact(f1_score=0.9909690512430238, precision_score=0.9894630192502533, recall_score=0.9924796747967479), test_metric_artifact=ClassificationMetricArtifact(f1_score=0.9875151026983487, precision_score=0.9839486356340289, recall_score=0.9911075181891673))
